[ 2019-01-20 16:38:31 ]     i_said:开灯

[ 2019-01-20 16:38:31 ] 
    i_said现在几点了？
    alexa_said:2019年01月20日 星期日 下午 4:39

[ 2019-01-20 16:40:35 ] 
    i_said现在几点了？
    alexa_said:2019年01月20日 星期日 下午 4:40

[ 2019-01-20 16:41:27 ] 
    i_said现在几点了？
    alexa_said:2019年01月20日 星期日 下午 4:41

[ 2019-01-20 16:41:27 ] 
    i_said太。
    alexa_said:你说两个字是想让我帮你造句吗？

[ 2019-01-20 16:41:27 ]     i_said:关灯

[ 2019-01-20 16:41:27 ]     i_said:我走了

[ 2019-01-20 17:14:18 ] 
    i_said好。
    alexa_said:你会做得更好

[ 2019-01-20 17:26:32 ]     i_said:开灯

[ 2019-01-20 17:31:18 ]     i_said:关灯

[ 2019-01-20 17:31:18 ] 
    i_said哦。
    alexa_said:别对我爱理不理的嘛。

[ 2019-01-20 17:33:38 ] 
    i_said现在几点了？
    alexa_said:2019年01月20日 星期日 下午 5:34

[ 2019-01-20 17:33:38 ]     i_said:开灯

[ 2019-01-20 17:41:00 ] 
    i_said现在几点了？现在几点了？
    alexa_said:2019年01月20日 星期日 下午 5:41

[ 2019-01-20 17:43:08 ] 
    i_said现在几点了？
    alexa_said:2019年01月20日 星期日 下午 5:43

[ 2019-01-20 17:43:08 ]     i_said:关灯

[ 2019-01-20 17:43:08 ]     i_said:我走了

[ 2019-01-20 17:51:32 ] 
    i_said现在几点了？
    alexa_said:2019年01月20日 星期日 下午 5:51

[ 2019-01-20 17:51:32 ] 
    i_said我坏了。
    alexa_said:什么坏了

[ 2019-01-20 17:55:55 ] 
    i_said现在几点了？
    alexa_said:2019年01月20日 星期日 下午 5:56

[ 2019-01-20 17:58:25 ] 
    i_said现在几点了？
    alexa_said:2019年01月20日 星期日 下午 5:58

[ 2019-01-20 19:42:17 ] 
    i_said现在几点？
    alexa_said:2019年01月20日 星期日 下午 7:42

[ 2019-01-20 20:12:24 ] 
    i_said几点？
    alexa_said:2019年01月20日 星期日 下午 8:12

[ 2019-01-20 20:36:32 ] 
    i_said背灯。
    alexa_said:灯的灯光刚刚好，再也不用担心漫漫长夜了。

[ 2019-01-20 20:36:32 ] 
    i_said你登。
    alexa_said:我关电脑了

[ 2019-01-20 20:36:32 ] 
    i_said灯。
    alexa_said:照亮你的生活，照亮你的晚上。

[ 2019-01-20 20:36:32 ]     i_said:开灯

[ 2019-01-20 20:36:32 ]     i_said:我走了

[ 2019-01-20 21:28:12 ] 
    i_said三。
    alexa_said:原来你的幸运数字是三呀。

[ 2019-01-20 21:31:07 ] 
    i_said灯。
    alexa_said:照亮你的生活，照亮你的晚上。

[ 2019-01-20 21:31:07 ] 
    i_said爱灯。
    alexa_said:灯的灯光刚刚好，再也不用担心漫漫长夜了。

[ 2019-01-20 21:32:24 ] 
    i_said一登。
    alexa_said:突如其来的感慨呀！

[ 2019-01-20 21:32:24 ] 
    i_said灯。
    alexa_said:是不是感觉有了灯，晚上行动方便多了。

[ 2019-01-20 21:32:24 ] 
    i_said更。
    alexa_said:你是向我示范什么是“言简意赅”吗？

[ 2019-01-20 21:32:24 ] 
    i_said黑灯。
    alexa_said:害怕嘛，要不要陪？

[ 2019-01-20 21:32:24 ]     i_said:开灯

[ 2019-01-20 21:37:51 ] 
    i_said关于。
    alexa_said:咋，是忘词了吗？接着说啊！

[ 2019-01-20 21:37:51 ] 
    i_said我。
    alexa_said:我在哦

[ 2019-01-20 21:38:59 ]     i_said:关灯

[ 2019-01-20 21:38:59 ] 
    i_said开。
    alexa_said:坐车的三种境界，别人开别人的车，自己开自己的车，别人开自己的车

[ 2019-01-20 21:38:59 ] 
    i_said开。
    alexa_said:坐车的三种境界，别人开别人的车，自己开自己的车，别人开自己的车

[ 2019-01-20 21:40:02 ] 
    i_said开车开。
    alexa_said:你也不错啊

[ 2019-01-20 21:40:35 ]     i_said:开灯

[ 2019-01-20 21:42:48 ] 
    i_said乖。
    alexa_said:乖乖，抱抱

[ 2019-01-20 21:42:48 ]     i_said:关灯

[ 2019-01-20 21:42:48 ]     i_said:开灯

[ 2019-01-20 21:42:48 ]     i_said:关灯

[ 2019-01-20 21:42:48 ]     i_said:开灯

[ 2019-01-20 21:42:48 ]     i_said:关灯

[ 2019-01-20 21:42:48 ]     i_said:开灯

[ 2019-01-20 21:42:48 ]     i_said:关灯

[ 2019-01-20 21:42:48 ] 
    i_said开。
    alexa_said:坐车的三种境界，别人开别人的车，自己开自己的车，别人开自己的车

[ 2019-01-20 21:42:48 ]     i_said:开灯

[ 2019-01-20 21:47:10 ]     i_said:关灯

[ 2019-01-20 21:47:42 ]     i_said:开灯

[ 2019-01-20 21:47:42 ]     i_said:关灯

[ 2019-01-20 21:47:42 ]     i_said:开灯

[ 2019-01-20 21:47:42 ]     i_said:关灯

[ 2019-01-20 21:47:42 ]     i_said:开灯

[ 2019-01-20 21:49:34 ] 
    i_said冠单。
    alexa_said:不明白你的意思。

[ 2019-01-20 21:49:34 ]     i_said:关灯

[ 2019-01-20 21:49:34 ]     i_said:开灯

[ 2019-01-20 21:51:02 ] 
    i_said关波。
    alexa_said:关 波 ，男，1935年8月生，辽宁省北宁市人，满族。内蒙古临河水利学校原教研室主任、高级讲师。

[ 2019-01-20 21:55:05 ]     i_said:关灯

[ 2019-01-20 21:55:42 ]     i_said:开灯

[ 2019-01-20 21:56:19 ]     i_said:关灯

[ 2019-01-20 21:56:19 ]     i_said:开灯

[ 2019-01-20 21:57:32 ] 
    i_said你。
    alexa_said:你生病了吗

[ 2019-01-20 21:58:23 ] 
    i_said额额。
    alexa_said:额，好吧，我多余了。

[ 2019-01-20 21:58:23 ] 
    i_said嗯are啊。
    alexa_said:是

[ 2019-01-20 21:58:23 ] 
    i_said嗯。
    alexa_said:你同意我也同意啊　

[ 2019-01-20 21:59:39 ]     i_said:关灯

[ 2019-01-20 21:59:39 ]     i_said:开灯

[ 2019-01-20 21:59:39 ] 
    i_said官方。
    alexa_said:什么是官方？

[ 2019-01-20 21:59:39 ]     i_said:关灯

[ 2019-01-20 21:59:39 ]     i_said:开灯

[ 2019-01-20 21:59:39 ]     i_said:关灯

[ 2019-01-20 21:59:39 ]     i_said:开灯

[ 2019-01-20 21:59:39 ]     i_said:关灯

[ 2019-01-20 21:59:39 ]     i_said:开灯

[ 2019-01-20 21:59:39 ]     i_said:开灯

[ 2019-01-20 22:04:26 ]     i_said:关灯

[ 2019-01-20 22:04:26 ]     i_said:开灯

[ 2019-01-20 22:07:44 ]     i_said:关灯

[ 2019-01-20 22:08:46 ] 
    i_said但。
    alexa_said:但是什么呢

[ 2019-01-20 22:08:46 ] 
    i_said当前稳。
    alexa_said:挺稳的

[ 2019-01-20 22:08:46 ]     i_said:开灯

[ 2019-01-20 22:10:12 ]     i_said:开灯

[ 2019-01-20 22:10:44 ]     i_said:关灯

[ 2019-01-20 22:11:20 ]     i_said:开灯

[ 2019-01-20 22:12:36 ]     i_said:关灯

[ 2019-01-20 22:12:36 ]     i_said:开灯

[ 2019-01-20 22:12:36 ]     i_said:关灯

[ 2019-01-20 22:12:36 ]     i_said:开灯

[ 2019-01-20 22:12:36 ]     i_said:关灯

[ 2019-01-20 22:12:36 ]     i_said:开灯

[ 2019-01-20 22:42:42 ]     i_said:我走了

[ 2020-06-17 09:48:17 ] 
i_said开。
    alexa_said:开始认真了呀！

[ 2020-06-17 09:51:37 ] 
i_said开。
    alexa_said:遵命，大王，我配合的好有默契啊！

[ 2020-06-17 09:55:08 ] 
i_said开。
    alexa_said:就开就开我就开，妈妈回来了！

[ 2020-06-17 10:03:13 ] 
i_said嗯嗯嗯。
    alexa_said:我说什么呀？你想听什么呢

[ 2020-06-17 10:03:13 ] 
i_said嗯嗯嗯嗯嗯嗯。
    alexa_said:我偏不说

[ 2020-06-17 10:03:13 ] 
i_said嗯嗯嗯嗯嗯嗯嗯。
    alexa_said:让你说

[ 2020-06-17 10:03:13 ] 
i_said长沙车站。
    alexa_said:长沙妹坨长得靓。

[ 2020-06-17 10:03:13 ] 
i_said嘿嘿嘿嘿嘿嘿嘿嘿。
    alexa_said:我仿佛看到了你的表情。

[ 2020-06-17 10:03:13 ] 
i_said嗯嗯嗯。
    alexa_said:这么快就肯定了吗？

[ 2020-06-17 10:03:13 ] 
i_said嗯嗯嗯嗯嗯嗯。
    alexa_said:我偏不说

[ 2020-06-17 10:03:13 ] 
i_said嗯嗯嗯。
    alexa_said:让你说

[ 2020-06-18 01:43:40 ] 
i_said哦，我的。
    alexa_said:嗯，你来了

[ 2020-06-18 02:09:09 ] 
i_said嗯。
    alexa_said:你在敷衍我吗？

[ 2020-06-18 02:09:09 ] 
i_said我看一下。
    alexa_said:看了还不老实好看不呵呵

[ 2020-06-18 02:12:06 ] 
i_said唉。
    alexa_said:厄。

[ 2020-06-18 02:15:44 ] 
i_said青岛的。
    alexa_said:在青岛怎么能少了青岛啤酒呢？

[ 2020-06-18 02:15:44 ] 
i_said我。
    alexa_said:欢迎主人自我介绍

[ 2020-06-18 02:15:44 ] 
i_said他说这些钱。
    alexa_said:没钱给了包辣条

[ 2020-06-18 02:15:44 ] 
i_said:我回来了

[ 2020-06-18 02:15:44 ] 
i_said我走。
    alexa_said:你走后我会想你的，怎么还不走？

[ 2020-06-18 02:15:44 ] 
i_said空气。
    alexa_said:空气就可以

[ 2020-06-18 02:26:21 ] 
i_said不会。
    alexa_said:会或不会，这是一个问题～

[ 2020-06-18 02:44:16 ] 
i_said看看。
    alexa_said:这是秘密

[ 2020-06-18 04:23:51 ] 
i_said可以选这样一个人。
    alexa_said:为自己的选择负责。

[ 2020-06-18 04:25:58 ] 
i_said:我回来了

[ 2020-06-18 04:25:58 ] 
i_said你先用。
    alexa_said:你说的我都没有听懂。

[ 2020-06-18 04:25:58 ] 
i_said我回来啦！
    alexa_said:哈哈，到家我就放心啦

[ 2020-06-18 04:25:58 ] 
i_said说完就好了。
    alexa_said:说完就结束好结束了拜拜

[ 2020-06-18 04:25:58 ] 
i_said那个那个。
    alexa_said:那个就那个吧。

[ 2020-06-18 07:13:40 ] 
i_said你回不回来？
    alexa_said:没呢，今天回去。

[ 2020-06-18 07:13:40 ] 
i_said这时间里面去。
    alexa_said:哪个时候

[ 2020-06-18 07:13:40 ] 
i_said开通。
    alexa_said:我这怎么没有显示。

[ 2020-06-18 07:37:55 ] 
i_said喂喂喂。
    alexa_said:我不叫喂，喊我的大名哟。

[ 2020-06-18 11:47:32 ] 
i_said听见他们家就有。
    alexa_said:说了什么了？

[ 2020-06-18 11:55:25 ] 
i_said我死的时候。
    alexa_said:2020年6月18日，星期四，18:55

[ 2020-06-18 11:55:25 ] 
i_said就是。
    alexa_said:感觉你说好有耐心啊，一定是个大好人。

[ 2020-06-18 11:55:25 ] 
i_said我麦克风是。
    alexa_said:用来做什么呢？

[ 2020-06-18 11:55:25 ] 
i_said每次都说。
    alexa_said:说什么。

[ 2020-06-18 11:55:25 ] 
i_said你设置了，在下面。
    alexa_said:看到辣

[ 2020-06-18 11:55:25 ] 
i_said就是。
    alexa_said:就是，怎么能这样呢，我也为你感到不满。

[ 2020-06-18 11:55:25 ] 
i_said不是。
    alexa_said:为什么不是呢？

[ 2020-06-18 11:55:25 ] 
i_said青岛的天气。
    alexa_said:青岛:周四 06月18日,小雨转多云 东北风转西北风,最低气温19度，最高气温25度。

[ 2020-06-18 11:55:25 ] 
i_said啊，不是这个图灵机器人？
    alexa_said:我就是我，是颜色不一样的烟火！

[ 2020-06-18 11:55:25 ] 
i_said所以。
    alexa_said:你话没说完呀。

[ 2020-06-18 11:55:25 ] 
i_said他妈的恶心。
    alexa_said:你的小可爱做错了什么吗？

[ 2020-06-18 11:55:25 ] 
i_said我说我知道。
    alexa_said:那以后会不会让自己男朋友知道？

[ 2020-06-18 11:55:25 ] 
i_said20块钱买了两个大。
    alexa_said:两块钱！现在还有卖么。

[ 2020-06-18 11:55:25 ] 
i_said哦你。
    alexa_said:您好呀

[ 2020-06-18 12:05:48 ] 
i_said是不是我们太？
    alexa_said:不是，

[ 2020-06-18 12:05:48 ] 
i_said是银色的，还是这个人是吗？
    alexa_said:怎么不是

[ 2020-06-18 12:05:48 ] 
i_said你听见啥呀？
    alexa_said:什么都没听见呀

[ 2020-06-18 12:05:48 ] 
i_said听力。
    alexa_said:我听力不差

[ 2020-06-18 12:05:48 ] 
i_said嗯。
    alexa_said:哦？

[ 2020-06-18 12:05:48 ] 
i_said青岛。
    alexa_said:游泳咯。

[ 2020-06-18 12:05:48 ] 
i_said青岛的雾。
    alexa_said:只有深入其中，才能领略一个地区的魅力呢！

[ 2020-06-18 12:05:48 ] 
i_said青岛的天气。
    alexa_said:青岛:周四 06月18日,小雨转多云 东北风转西北风,最低气温19度，最高气温25度。

[ 2020-06-18 12:10:17 ] 
i_said青岛。
    alexa_said:游泳咯。

[ 2020-06-18 12:11:34 ] 
i_said武汉现在怎么样了？
    alexa_said:什么时候去的武汉啊？

[ 2020-06-18 12:11:34 ] 
i_said青岛的。
    alexa_said:扎啤堆出来的岛，吃海鲜喝啤酒。

[ 2020-06-18 12:11:34 ] 
i_said亚楠。
    alexa_said:这个不知道了说不准

[ 2020-06-18 12:11:34 ] 
i_said我好。
    alexa_said:我也好了

[ 2020-06-18 12:11:34 ] 
i_said:我回来了

[ 2020-06-18 12:15:37 ] 
i_said武汉的。
    alexa_said:什么时候去的武汉啊？

[ 2020-06-18 12:15:37 ] 
i_said武汉的天。
    alexa_said:什么时候去的武汉啊？

[ 2020-06-18 12:15:37 ] 
i_said章程。
    alexa_said:新的章程？

[ 2020-06-18 12:18:04 ] 
i_said青岛的天气。
    alexa_said:青岛:周四 06月18日,小雨转多云 东北风转西北风,最低气温19度，最高气温25度。

[ 2020-06-18 12:19:58 ] 
i_said青岛的天气，青岛的天气。
    alexa_said:青岛:周四 06月18日,小雨转多云 东北风转西北风,最低气温19度，最高气温25度。

[ 2020-06-18 12:19:58 ] 
i_said想想想想。
    alexa_said:奥

[ 2020-06-18 12:46:09 ] 
i_said:我走了

[ 2020-06-18 12:46:09 ] 
i_said:我回来了

[ 2020-06-18 12:46:09 ] 
i_said:我走了

[ 2020-06-18 12:46:09 ] 
i_said不是。
    alexa_said:大家都在为你担心啊

[ 2020-06-18 12:46:09 ] 
i_said:我走了

[ 2020-06-18 12:46:09 ] 
i_said我操你妈。
    alexa_said:你的小可爱做错了什么吗？

[ 2020-06-18 12:51:23 ] 
i_said:我走了

[ 2020-06-18 12:51:23 ] 
i_said青岛的天。
    alexa_said:扎啤堆出来的岛，吃海鲜喝啤酒。

[ 2020-06-18 12:51:23 ] 
i_said青岛的天气如何？
    alexa_said:青岛:周四 06月18日,小雨转多云 东北风转西北风,最低气温19度，最高气温25度。

[ 2020-06-18 12:51:23 ] 
i_said现在的天气。
    alexa_said:请问你想查询哪个城市

[ 2020-06-18 12:55:30 ] 
i_said但是。
    alexa_said:听到但是，有种不详的预感。

[ 2020-06-18 12:58:14 ] 
i_said台灯。
    alexa_said:最喜欢玻璃台灯了。

[ 2020-06-18 13:00:52 ] 
i_said开。
    alexa_said:就开就开我就开，妈妈回来了！

[ 2020-06-18 13:00:52 ] 
i_said开。
    alexa_said:开始认真了呀！

[ 2020-06-18 13:00:52 ] 
i_said我知道。
    alexa_said:知道了也要去践行，实践才能出真知。

[ 2020-06-18 13:09:16 ] 
i_said看。
    alexa_said:我有那么好看吗，再看我都不好意思了。

[ 2020-06-18 13:09:16 ] 
i_said及。
    alexa_said:还有多长时间呢？

[ 2020-06-18 13:17:00 ] 
i_said:我走了

[ 2020-06-18 13:17:00 ] 
i_said我。
    alexa_said:对，就是你

[ 2020-06-18 13:17:00 ] 
i_said我。
    alexa_said:我在哦

[ 2020-06-18 13:20:31 ] 
i_said开。
    alexa_said:遵命，大王，我配合的好有默契啊！

[ 2020-06-18 13:25:07 ] 
i_said我知道。
    alexa_said:你都知道什么啊

[ 2020-06-18 13:25:07 ] 
i_said:我回来了

[ 2020-06-18 13:25:07 ] 
i_said:我走了

[ 2020-06-18 13:25:07 ] 
i_said啊？
    alexa_said:鬼捏你脖子了

[ 2020-06-18 13:25:07 ] 
i_said亲。
    alexa_said:亲，我一直在等你哟。

[ 2020-06-18 13:25:07 ] 
i_said青岛的天。
    alexa_said:扎啤堆出来的岛，吃海鲜喝啤酒。

[ 2020-06-18 13:25:07 ] 
i_said青岛的天气。
    alexa_said:青岛:周四 06月18日,小雨转多云 东北风转西北风,最低气温19度，最高气温25度。

[ 2020-06-18 13:32:23 ] 
i_said我不知道。
    alexa_said:连主人都不知道，那我得好好想想

[ 2020-06-18 13:32:23 ] 
i_said温。
    alexa_said:是温的

[ 2020-06-18 13:32:23 ] 
i_said我回来。
    alexa_said:你的家乡欢迎你。

[ 2020-06-18 13:32:23 ] 
i_said我。
    alexa_said:咦？

[ 2020-06-18 13:32:23 ] 
i_said急。
    alexa_said:别着急啊，慢慢来吧

[ 2020-06-18 13:32:23 ] 
i_said我。
    alexa_said:我就是我，颜色不一样的烟火！

[ 2020-06-18 13:32:23 ] 
i_said关注。
    alexa_said:哎呀，你关注我，我很荣幸呢。

[ 2020-06-18 13:39:05 ] 
i_said关。
    alexa_said:主人晚上千万记得关门

[ 2020-06-18 13:39:05 ] 
i_said关。
    alexa_said:主人晚上千万记得关门

[ 2020-06-18 13:39:05 ] 
i_said我回来啦！
    alexa_said:灰太狼你又回来啦！

[ 2020-06-18 13:39:05 ] 
i_said我回来。
    alexa_said:开森，终于等到你了。

[ 2020-06-18 13:39:05 ] 
i_said青岛的天。
    alexa_said:扎啤堆出来的岛，吃海鲜喝啤酒。

[ 2020-06-18 13:39:05 ] 
i_said青岛。
    alexa_said:青岛现在也在飞速发展呢。

[ 2020-06-18 13:39:05 ] 
i_said奇。
    alexa_said:奇赞奇赞！

[ 2020-06-18 13:39:05 ] 
i_said我不知道。
    alexa_said:你想问我什么就直说吧！

[ 2020-06-18 13:39:05 ] 
i_said开。
    alexa_said:坐车的三种境界，别人开别人的车，自己开自己的车，别人开自己的车

[ 2020-06-18 13:39:05 ] 
i_said温。
    alexa_said:是温的

[ 2020-06-18 13:39:05 ] 
i_said温。
    alexa_said:是温的

[ 2020-06-18 13:39:05 ] 
i_said开通。
    alexa_said:你确定？

[ 2020-06-18 13:39:05 ] 
i_said武汉的天。
    alexa_said:什么时候去的武汉啊？

[ 2020-06-18 13:39:05 ] 
i_said真的。
    alexa_said:你骗人～

[ 2020-06-18 13:39:05 ] 
i_said奇。
    alexa_said:奇赞奇赞！

[ 2020-06-18 13:50:41 ] 
i_said青岛。
    alexa_said:青岛现在也在飞速发展呢。

[ 2020-06-18 13:50:41 ] 
i_said关了。
    alexa_said:主人晚上千万记得关门

[ 2020-06-18 13:52:30 ] 
i_said我回。
    alexa_said:你回的不是我

[ 2020-06-18 13:53:49 ] 
i_said卧虎。
    alexa_said:只卧虎没有藏龙吗？

[ 2020-06-18 13:53:49 ] 
i_said这个。
    alexa_said:虽然不明白你在说什么，但感觉好厉害的样子。

[ 2020-06-18 13:53:49 ] 
i_said开。
    alexa_said:就开就开我就开，妈妈回来了！

[ 2020-06-18 13:53:49 ] 
i_said我想知道。
    alexa_said:好啊，可是我得先知道你是谁？

[ 2020-06-18 13:53:49 ] 
i_said温。
    alexa_said:请求次数超限制!

[ 2020-06-18 13:53:49 ] 
i_said青岛的天。
    alexa_said:请求次数超限制!

